<?xml version="1.0" encoding="UTF-8"?>
<coverage generated="1755877605">
  <project timestamp="1755877605">
    <file name="/var/www/html/src/Command/InstallCommand.php">
      <class name="App\Command\InstallCommand" namespace="global">
        <metrics complexity="5" methods="2" coveredmethods="0" conditionals="0" coveredconditionals="0" statements="37" coveredstatements="0" elements="39" coveredelements="0"/>
      </class>
      <line num="16" type="stmt" count="0"/>
      <line num="17" type="stmt" count="0"/>
      <line num="18" type="stmt" count="0"/>
      <line num="21" type="method" name="__construct" visibility="public" complexity="1" crap="2" count="0"/>
      <line num="25" type="stmt" count="0"/>
      <line num="28" type="method" name="execute" visibility="protected" complexity="4" crap="20" count="0"/>
      <line num="30" type="stmt" count="0"/>
      <line num="32" type="stmt" count="0"/>
      <line num="35" type="stmt" count="0"/>
      <line num="38" type="stmt" count="0"/>
      <line num="41" type="stmt" count="0"/>
      <line num="43" type="stmt" count="0"/>
      <line num="45" type="stmt" count="0"/>
      <line num="46" type="stmt" count="0"/>
      <line num="47" type="stmt" count="0"/>
      <line num="48" type="stmt" count="0"/>
      <line num="50" type="stmt" count="0"/>
      <line num="51" type="stmt" count="0"/>
      <line num="53" type="stmt" count="0"/>
      <line num="54" type="stmt" count="0"/>
      <line num="55" type="stmt" count="0"/>
      <line num="56" type="stmt" count="0"/>
      <line num="57" type="stmt" count="0"/>
      <line num="59" type="stmt" count="0"/>
      <line num="60" type="stmt" count="0"/>
      <line num="62" type="stmt" count="0"/>
      <line num="63" type="stmt" count="0"/>
      <line num="66" type="stmt" count="0"/>
      <line num="67" type="stmt" count="0"/>
      <line num="68" type="stmt" count="0"/>
      <line num="69" type="stmt" count="0"/>
      <line num="71" type="stmt" count="0"/>
      <line num="72" type="stmt" count="0"/>
      <line num="76" type="stmt" count="0"/>
      <line num="77" type="stmt" count="0"/>
      <line num="78" type="stmt" count="0"/>
      <line num="80" type="stmt" count="0"/>
      <line num="81" type="stmt" count="0"/>
      <line num="83" type="stmt" count="0"/>
      <line num="84" type="stmt" count="0"/>
      <line num="85" type="stmt" count="0"/>
      <line num="87" type="stmt" count="0"/>
      <metrics loc="90" ncloc="85" classes="1" methods="2" coveredmethods="0" conditionals="0" coveredconditionals="0" statements="40" coveredstatements="0" elements="42" coveredelements="0"/>
    </file>
    <file name="/var/www/html/src/Command/RunJobCommand.php">
      <class name="App\Command\RunJobCommand" namespace="global">
        <metrics complexity="6" methods="3" coveredmethods="3" conditionals="0" coveredconditionals="0" statements="43" coveredstatements="43" elements="46" coveredelements="46"/>
      </class>
      <line num="23" type="method" name="__construct" visibility="public" complexity="1" crap="1" count="7"/>
      <line num="28" type="stmt" count="7"/>
      <line num="31" type="method" name="configure" visibility="protected" complexity="1" crap="1" count="7"/>
      <line num="33" type="stmt" count="7"/>
      <line num="34" type="stmt" count="7"/>
      <line num="35" type="stmt" count="7"/>
      <line num="36" type="stmt" count="7"/>
      <line num="39" type="method" name="execute" visibility="protected" complexity="4" crap="4" count="6"/>
      <line num="41" type="stmt" count="6"/>
      <line num="43" type="stmt" count="6"/>
      <line num="44" type="stmt" count="6"/>
      <line num="45" type="stmt" count="6"/>
      <line num="47" type="stmt" count="6"/>
      <line num="48" type="stmt" count="1"/>
      <line num="49" type="stmt" count="1"/>
      <line num="52" type="stmt" count="5"/>
      <line num="53" type="stmt" count="5"/>
      <line num="54" type="stmt" count="1"/>
      <line num="55" type="stmt" count="1"/>
      <line num="58" type="stmt" count="4"/>
      <line num="59" type="stmt" count="4"/>
      <line num="60" type="stmt" count="4"/>
      <line num="61" type="stmt" count="4"/>
      <line num="63" type="stmt" count="4"/>
      <line num="64" type="stmt" count="4"/>
      <line num="68" type="stmt" count="4"/>
      <line num="69" type="stmt" count="3"/>
      <line num="70" type="stmt" count="3"/>
      <line num="72" type="stmt" count="3"/>
      <line num="75" type="stmt" count="3"/>
      <line num="78" type="stmt" count="2"/>
      <line num="79" type="stmt" count="2"/>
      <line num="80" type="stmt" count="2"/>
      <line num="82" type="stmt" count="2"/>
      <line num="83" type="stmt" count="2"/>
      <line num="85" type="stmt" count="2"/>
      <line num="86" type="stmt" count="2"/>
      <line num="88" type="stmt" count="2"/>
      <line num="90" type="stmt" count="2"/>
      <line num="92" type="stmt" count="2"/>
      <line num="93" type="stmt" count="2"/>
      <line num="94" type="stmt" count="2"/>
      <line num="96" type="stmt" count="2"/>
      <line num="97" type="stmt" count="2"/>
      <line num="99" type="stmt" count="2"/>
      <line num="100" type="stmt" count="2"/>
      <metrics loc="104" ncloc="100" classes="1" methods="3" coveredmethods="3" conditionals="0" coveredconditionals="0" statements="43" coveredstatements="43" elements="46" coveredelements="46"/>
    </file>
    <file name="/var/www/html/src/Command/ValidateJqlCommand.php">
      <class name="App\Command\ValidateJqlCommand" namespace="global">
        <metrics complexity="7" methods="3" coveredmethods="3" conditionals="0" coveredconditionals="0" statements="23" coveredstatements="23" elements="26" coveredelements="26"/>
      </class>
      <line num="21" type="method" name="__construct" visibility="public" complexity="1" crap="1" count="6"/>
      <line num="25" type="stmt" count="6"/>
      <line num="28" type="method" name="configure" visibility="protected" complexity="1" crap="1" count="6"/>
      <line num="30" type="stmt" count="6"/>
      <line num="31" type="stmt" count="6"/>
      <line num="34" type="method" name="execute" visibility="protected" complexity="5" crap="5" count="5"/>
      <line num="36" type="stmt" count="5"/>
      <line num="38" type="stmt" count="5"/>
      <line num="40" type="stmt" count="5"/>
      <line num="41" type="stmt" count="1"/>
      <line num="42" type="stmt" count="1"/>
      <line num="45" type="stmt" count="4"/>
      <line num="46" type="stmt" count="4"/>
      <line num="47" type="stmt" count="1"/>
      <line num="48" type="stmt" count="1"/>
      <line num="51" type="stmt" count="3"/>
      <line num="52" type="stmt" count="3"/>
      <line num="55" type="stmt" count="3"/>
      <line num="57" type="stmt" count="2"/>
      <line num="58" type="stmt" count="1"/>
      <line num="59" type="stmt" count="1"/>
      <line num="61" type="stmt" count="1"/>
      <line num="62" type="stmt" count="1"/>
      <line num="65" type="stmt" count="1"/>
      <line num="66" type="stmt" count="1"/>
      <line num="67" type="stmt" count="1"/>
      <metrics loc="71" ncloc="71" classes="1" methods="3" coveredmethods="3" conditionals="0" coveredconditionals="0" statements="23" coveredstatements="23" elements="26" coveredelements="26"/>
    </file>
    <file name="/var/www/html/src/Controller/ApiController.php">
      <class name="App\Controller\ApiController" namespace="global">
        <metrics complexity="3" methods="1" coveredmethods="0" conditionals="0" coveredconditionals="0" statements="30" coveredstatements="0" elements="31" coveredelements="0"/>
      </class>
      <line num="19" type="method" name="runJob" visibility="public" complexity="3" crap="12" count="0"/>
      <line num="26" type="stmt" count="0"/>
      <line num="28" type="stmt" count="0"/>
      <line num="29" type="stmt" count="0"/>
      <line num="32" type="stmt" count="0"/>
      <line num="33" type="stmt" count="0"/>
      <line num="34" type="stmt" count="0"/>
      <line num="35" type="stmt" count="0"/>
      <line num="39" type="stmt" count="0"/>
      <line num="40" type="stmt" count="0"/>
      <line num="41" type="stmt" count="0"/>
      <line num="44" type="stmt" count="0"/>
      <line num="45" type="stmt" count="0"/>
      <line num="48" type="stmt" count="0"/>
      <line num="49" type="stmt" count="0"/>
      <line num="50" type="stmt" count="0"/>
      <line num="52" type="stmt" count="0"/>
      <line num="53" type="stmt" count="0"/>
      <line num="56" type="stmt" count="0"/>
      <line num="57" type="stmt" count="0"/>
      <line num="58" type="stmt" count="0"/>
      <line num="59" type="stmt" count="0"/>
      <line num="60" type="stmt" count="0"/>
      <line num="62" type="stmt" count="0"/>
      <line num="64" type="stmt" count="0"/>
      <line num="66" type="stmt" count="0"/>
      <line num="67" type="stmt" count="0"/>
      <line num="68" type="stmt" count="0"/>
      <line num="70" type="stmt" count="0"/>
      <line num="71" type="stmt" count="0"/>
      <line num="73" type="stmt" count="0"/>
      <metrics loc="77" ncloc="72" classes="1" methods="1" coveredmethods="0" conditionals="0" coveredconditionals="0" statements="30" coveredstatements="0" elements="31" coveredelements="0"/>
    </file>
    <file name="/var/www/html/src/Controller/DashboardController.php">
      <class name="App\Controller\DashboardController" namespace="global">
        <metrics complexity="1" methods="1" coveredmethods="0" conditionals="0" coveredconditionals="0" statements="6" coveredstatements="0" elements="7" coveredelements="0"/>
      </class>
      <line num="17" type="method" name="index" visibility="public" complexity="1" crap="2" count="0"/>
      <line num="20" type="stmt" count="0"/>
      <line num="21" type="stmt" count="0"/>
      <line num="23" type="stmt" count="0"/>
      <line num="24" type="stmt" count="0"/>
      <line num="25" type="stmt" count="0"/>
      <line num="26" type="stmt" count="0"/>
      <metrics loc="29" ncloc="29" classes="1" methods="1" coveredmethods="0" conditionals="0" coveredconditionals="0" statements="6" coveredstatements="0" elements="7" coveredelements="0"/>
    </file>
    <file name="/var/www/html/src/Controller/HealthController.php">
      <class name="App\Controller\HealthController" namespace="global">
        <metrics complexity="2" methods="1" coveredmethods="0" conditionals="0" coveredconditionals="0" statements="4" coveredstatements="0" elements="5" coveredelements="0"/>
      </class>
      <line num="12" type="method" name="health" visibility="public" complexity="2" crap="6" count="0"/>
      <line num="17" type="stmt" count="0"/>
      <line num="19" type="stmt" count="0"/>
      <line num="20" type="stmt" count="0"/>
      <line num="21" type="stmt" count="0"/>
      <metrics loc="25" ncloc="24" classes="1" methods="1" coveredmethods="0" conditionals="0" coveredconditionals="0" statements="4" coveredstatements="0" elements="5" coveredelements="0"/>
    </file>
    <file name="/var/www/html/src/Controller/JobController.php">
      <class name="App\Controller\JobController" namespace="global">
        <metrics complexity="12" methods="6" coveredmethods="0" conditionals="0" coveredconditionals="0" statements="68" coveredstatements="0" elements="74" coveredelements="0"/>
      </class>
      <line num="21" type="method" name="index" visibility="public" complexity="1" crap="2" count="0"/>
      <line num="24" type="stmt" count="0"/>
      <line num="26" type="stmt" count="0"/>
      <line num="27" type="stmt" count="0"/>
      <line num="28" type="stmt" count="0"/>
      <line num="31" type="method" name="new" visibility="public" complexity="3" crap="12" count="0"/>
      <line num="34" type="stmt" count="0"/>
      <line num="35" type="stmt" count="0"/>
      <line num="36" type="stmt" count="0"/>
      <line num="38" type="stmt" count="0"/>
      <line num="39" type="stmt" count="0"/>
      <line num="40" type="stmt" count="0"/>
      <line num="42" type="stmt" count="0"/>
      <line num="43" type="stmt" count="0"/>
      <line num="46" type="stmt" count="0"/>
      <line num="47" type="stmt" count="0"/>
      <line num="48" type="stmt" count="0"/>
      <line num="49" type="stmt" count="0"/>
      <line num="52" type="method" name="show" visibility="public" complexity="1" crap="2" count="0"/>
      <line num="55" type="stmt" count="0"/>
      <line num="56" type="stmt" count="0"/>
      <line num="57" type="stmt" count="0"/>
      <line num="58" type="stmt" count="0"/>
      <line num="59" type="stmt" count="0"/>
      <line num="61" type="stmt" count="0"/>
      <line num="62" type="stmt" count="0"/>
      <line num="63" type="stmt" count="0"/>
      <line num="64" type="stmt" count="0"/>
      <line num="67" type="method" name="edit" visibility="public" complexity="3" crap="12" count="0"/>
      <line num="70" type="stmt" count="0"/>
      <line num="71" type="stmt" count="0"/>
      <line num="73" type="stmt" count="0"/>
      <line num="74" type="stmt" count="0"/>
      <line num="76" type="stmt" count="0"/>
      <line num="77" type="stmt" count="0"/>
      <line num="80" type="stmt" count="0"/>
      <line num="81" type="stmt" count="0"/>
      <line num="82" type="stmt" count="0"/>
      <line num="83" type="stmt" count="0"/>
      <line num="86" type="method" name="delete" visibility="public" complexity="2" crap="6" count="0"/>
      <line num="89" type="stmt" count="0"/>
      <line num="90" type="stmt" count="0"/>
      <line num="91" type="stmt" count="0"/>
      <line num="92" type="stmt" count="0"/>
      <line num="95" type="stmt" count="0"/>
      <line num="98" type="method" name="run" visibility="public" complexity="2" crap="6" count="0"/>
      <line num="101" type="stmt" count="0"/>
      <line num="102" type="stmt" count="0"/>
      <line num="103" type="stmt" count="0"/>
      <line num="104" type="stmt" count="0"/>
      <line num="108" type="stmt" count="0"/>
      <line num="109" type="stmt" count="0"/>
      <line num="110" type="stmt" count="0"/>
      <line num="113" type="stmt" count="0"/>
      <line num="114" type="stmt" count="0"/>
      <line num="117" type="stmt" count="0"/>
      <line num="118" type="stmt" count="0"/>
      <line num="119" type="stmt" count="0"/>
      <line num="121" type="stmt" count="0"/>
      <line num="122" type="stmt" count="0"/>
      <line num="125" type="stmt" count="0"/>
      <line num="126" type="stmt" count="0"/>
      <line num="127" type="stmt" count="0"/>
      <line num="128" type="stmt" count="0"/>
      <line num="129" type="stmt" count="0"/>
      <line num="131" type="stmt" count="0"/>
      <line num="133" type="stmt" count="0"/>
      <line num="135" type="stmt" count="0"/>
      <line num="136" type="stmt" count="0"/>
      <line num="137" type="stmt" count="0"/>
      <line num="139" type="stmt" count="0"/>
      <line num="140" type="stmt" count="0"/>
      <line num="142" type="stmt" count="0"/>
      <line num="143" type="stmt" count="0"/>
      <metrics loc="147" ncloc="142" classes="1" methods="6" coveredmethods="0" conditionals="0" coveredconditionals="0" statements="68" coveredstatements="0" elements="74" coveredelements="0"/>
    </file>
    <file name="/var/www/html/src/Controller/SecurityController.php">
      <class name="App\Controller\SecurityController" namespace="global">
        <metrics complexity="2" methods="2" coveredmethods="0" conditionals="0" coveredconditionals="0" statements="7" coveredstatements="0" elements="9" coveredelements="0"/>
      </class>
      <line num="12" type="method" name="login" visibility="public" complexity="1" crap="2" count="0"/>
      <line num="16" type="stmt" count="0"/>
      <line num="19" type="stmt" count="0"/>
      <line num="21" type="stmt" count="0"/>
      <line num="22" type="stmt" count="0"/>
      <line num="23" type="stmt" count="0"/>
      <line num="24" type="stmt" count="0"/>
      <line num="27" type="method" name="logout" visibility="public" complexity="1" crap="2" count="0"/>
      <line num="30" type="stmt" count="0"/>
      <metrics loc="33" ncloc="31" classes="1" methods="2" coveredmethods="0" conditionals="0" coveredconditionals="0" statements="7" coveredstatements="0" elements="9" coveredelements="0"/>
    </file>
    <file name="/var/www/html/src/Entity/JiraConfig.php">
      <class name="App\Entity\JiraConfig" namespace="global">
        <metrics complexity="13" methods="13" coveredmethods="13" conditionals="0" coveredconditionals="0" statements="23" coveredstatements="23" elements="36" coveredelements="36"/>
      </class>
      <line num="62" type="method" name="__construct" visibility="public" complexity="1" crap="1" count="3"/>
      <line num="64" type="stmt" count="3"/>
      <line num="72" type="method" name="getId" visibility="public" complexity="1" crap="1" count="1"/>
      <line num="74" type="stmt" count="1"/>
      <line num="82" type="method" name="getBaseUrl" visibility="public" complexity="1" crap="1" count="2"/>
      <line num="84" type="stmt" count="2"/>
      <line num="93" type="method" name="setBaseUrl" visibility="public" complexity="1" crap="1" count="2"/>
      <line num="95" type="stmt" count="2"/>
      <line num="96" type="stmt" count="2"/>
      <line num="97" type="stmt" count="2"/>
      <line num="105" type="method" name="getUsername" visibility="public" complexity="1" crap="1" count="2"/>
      <line num="107" type="stmt" count="2"/>
      <line num="116" type="method" name="setUsername" visibility="public" complexity="1" crap="1" count="1"/>
      <line num="118" type="stmt" count="1"/>
      <line num="119" type="stmt" count="1"/>
      <line num="120" type="stmt" count="1"/>
      <line num="128" type="method" name="getPassword" visibility="public" complexity="1" crap="1" count="2"/>
      <line num="130" type="stmt" count="2"/>
      <line num="139" type="method" name="setPassword" visibility="public" complexity="1" crap="1" count="1"/>
      <line num="141" type="stmt" count="1"/>
      <line num="142" type="stmt" count="1"/>
      <line num="143" type="stmt" count="1"/>
      <line num="151" type="method" name="isVerifyTls" visibility="public" complexity="1" crap="1" count="2"/>
      <line num="153" type="stmt" count="2"/>
      <line num="162" type="method" name="setVerifyTls" visibility="public" complexity="1" crap="1" count="1"/>
      <line num="164" type="stmt" count="1"/>
      <line num="165" type="stmt" count="1"/>
      <line num="166" type="stmt" count="1"/>
      <line num="174" type="method" name="getExportBaseDir" visibility="public" complexity="1" crap="1" count="2"/>
      <line num="176" type="stmt" count="2"/>
      <line num="185" type="method" name="setExportBaseDir" visibility="public" complexity="1" crap="1" count="1"/>
      <line num="187" type="stmt" count="1"/>
      <line num="188" type="stmt" count="1"/>
      <line num="189" type="stmt" count="1"/>
      <line num="197" type="method" name="getUpdatedAt" visibility="public" complexity="1" crap="1" count="3"/>
      <line num="199" type="stmt" count="3"/>
      <metrics loc="202" ncloc="112" classes="1" methods="13" coveredmethods="13" conditionals="0" coveredconditionals="0" statements="23" coveredstatements="23" elements="36" coveredelements="36"/>
    </file>
    <file name="/var/www/html/src/Entity/Job.php">
      <class name="App\Entity\Job" namespace="global">
        <metrics complexity="10" methods="10" coveredmethods="10" conditionals="0" coveredconditionals="0" statements="17" coveredstatements="17" elements="27" coveredelements="27"/>
      </class>
      <line num="68" type="method" name="__construct" visibility="public" complexity="1" crap="1" count="10"/>
      <line num="70" type="stmt" count="10"/>
      <line num="71" type="stmt" count="10"/>
      <line num="79" type="method" name="getId" visibility="public" complexity="1" crap="1" count="5"/>
      <line num="81" type="stmt" count="5"/>
      <line num="89" type="method" name="getName" visibility="public" complexity="1" crap="1" count="9"/>
      <line num="91" type="stmt" count="9"/>
      <line num="100" type="method" name="setName" visibility="public" complexity="1" crap="1" count="9"/>
      <line num="102" type="stmt" count="9"/>
      <line num="103" type="stmt" count="9"/>
      <line num="104" type="stmt" count="9"/>
      <line num="112" type="method" name="getJql" visibility="public" complexity="1" crap="1" count="9"/>
      <line num="114" type="stmt" count="9"/>
      <line num="123" type="method" name="setJql" visibility="public" complexity="1" crap="1" count="8"/>
      <line num="125" type="stmt" count="8"/>
      <line num="126" type="stmt" count="8"/>
      <line num="127" type="stmt" count="8"/>
      <line num="135" type="method" name="getDescription" visibility="public" complexity="1" crap="1" count="2"/>
      <line num="137" type="stmt" count="2"/>
      <line num="146" type="method" name="setDescription" visibility="public" complexity="1" crap="1" count="1"/>
      <line num="148" type="stmt" count="1"/>
      <line num="149" type="stmt" count="1"/>
      <line num="150" type="stmt" count="1"/>
      <line num="158" type="method" name="getCreatedAt" visibility="public" complexity="1" crap="1" count="2"/>
      <line num="160" type="stmt" count="2"/>
      <line num="168" type="method" name="getUpdatedAt" visibility="public" complexity="1" crap="1" count="3"/>
      <line num="170" type="stmt" count="3"/>
      <metrics loc="173" ncloc="92" classes="1" methods="10" coveredmethods="10" conditionals="0" coveredconditionals="0" statements="17" coveredstatements="17" elements="27" coveredelements="27"/>
    </file>
    <file name="/var/www/html/src/Entity/JobLog.php">
      <class name="App\Entity\JobLog" namespace="global">
        <metrics complexity="18" methods="16" coveredmethods="16" conditionals="0" coveredconditionals="0" statements="25" coveredstatements="25" elements="41" coveredelements="41"/>
      </class>
      <line num="86" type="method" name="getId" visibility="public" complexity="1" crap="1" count="1"/>
      <line num="88" type="stmt" count="1"/>
      <line num="96" type="method" name="getJobId" visibility="public" complexity="1" crap="1" count="4"/>
      <line num="98" type="stmt" count="4"/>
      <line num="107" type="method" name="setJobId" visibility="public" complexity="1" crap="1" count="9"/>
      <line num="109" type="stmt" count="9"/>
      <line num="110" type="stmt" count="9"/>
      <line num="118" type="method" name="getJobName" visibility="public" complexity="1" crap="1" count="4"/>
      <line num="120" type="stmt" count="4"/>
      <line num="129" type="method" name="setJobName" visibility="public" complexity="1" crap="1" count="5"/>
      <line num="131" type="stmt" count="5"/>
      <line num="132" type="stmt" count="5"/>
      <line num="140" type="method" name="getStartedAt" visibility="public" complexity="1" crap="1" count="4"/>
      <line num="142" type="stmt" count="4"/>
      <line num="151" type="method" name="setStartedAt" visibility="public" complexity="1" crap="1" count="10"/>
      <line num="153" type="stmt" count="10"/>
      <line num="154" type="stmt" count="10"/>
      <line num="162" type="method" name="getFinishedAt" visibility="public" complexity="1" crap="1" count="4"/>
      <line num="164" type="stmt" count="4"/>
      <line num="173" type="method" name="setFinishedAt" visibility="public" complexity="1" crap="1" count="5"/>
      <line num="175" type="stmt" count="5"/>
      <line num="176" type="stmt" count="5"/>
      <line num="184" type="method" name="getStatus" visibility="public" complexity="1" crap="1" count="5"/>
      <line num="186" type="stmt" count="5"/>
      <line num="195" type="method" name="setStatus" visibility="public" complexity="1" crap="1" count="9"/>
      <line num="197" type="stmt" count="9"/>
      <line num="198" type="stmt" count="9"/>
      <line num="206" type="method" name="getIssueCount" visibility="public" complexity="1" crap="1" count="3"/>
      <line num="208" type="stmt" count="3"/>
      <line num="217" type="method" name="setIssueCount" visibility="public" complexity="1" crap="1" count="3"/>
      <line num="219" type="stmt" count="3"/>
      <line num="220" type="stmt" count="3"/>
      <line num="228" type="method" name="getErrorMessage" visibility="public" complexity="1" crap="1" count="4"/>
      <line num="230" type="stmt" count="4"/>
      <line num="239" type="method" name="setErrorMessage" visibility="public" complexity="1" crap="1" count="3"/>
      <line num="241" type="stmt" count="3"/>
      <line num="242" type="stmt" count="3"/>
      <line num="250" type="method" name="getDurationInSeconds" visibility="public" complexity="3" crap="3" count="3"/>
      <line num="252" type="stmt" count="3"/>
      <line num="253" type="stmt" count="2"/>
      <line num="255" type="stmt" count="1"/>
      <metrics loc="258" ncloc="130" classes="1" methods="16" coveredmethods="16" conditionals="0" coveredconditionals="0" statements="25" coveredstatements="25" elements="41" coveredelements="41"/>
    </file>
    <file name="/var/www/html/src/Entity/User.php">
      <class name="App\Entity\User" namespace="global">
        <metrics complexity="9" methods="9" coveredmethods="9" conditionals="0" coveredconditionals="0" statements="14" coveredstatements="14" elements="23" coveredelements="23"/>
      </class>
      <line num="56" type="method" name="getId" visibility="public" complexity="1" crap="1" count="1"/>
      <line num="58" type="stmt" count="1"/>
      <line num="66" type="method" name="getUsername" visibility="public" complexity="1" crap="1" count="2"/>
      <line num="68" type="stmt" count="2"/>
      <line num="77" type="method" name="setUsername" visibility="public" complexity="1" crap="1" count="1"/>
      <line num="79" type="stmt" count="1"/>
      <line num="80" type="stmt" count="1"/>
      <line num="93" type="method" name="getUserIdentifier" visibility="public" complexity="1" crap="1" count="1"/>
      <line num="95" type="stmt" count="1"/>
      <line num="106" type="method" name="getRoles" visibility="public" complexity="1" crap="1" count="2"/>
      <line num="108" type="stmt" count="2"/>
      <line num="110" type="stmt" count="2"/>
      <line num="111" type="stmt" count="2"/>
      <line num="120" type="method" name="setRoles" visibility="public" complexity="1" crap="1" count="1"/>
      <line num="122" type="stmt" count="1"/>
      <line num="123" type="stmt" count="1"/>
      <line num="134" type="method" name="getPassword" visibility="public" complexity="1" crap="1" count="2"/>
      <line num="136" type="stmt" count="2"/>
      <line num="145" type="method" name="setPassword" visibility="public" complexity="1" crap="1" count="1"/>
      <line num="147" type="stmt" count="1"/>
      <line num="148" type="stmt" count="1"/>
      <line num="159" type="method" name="eraseCredentials" visibility="public" complexity="1" crap="1" count="1"/>
      <line num="163" type="stmt" count="1"/>
      <metrics loc="165" ncloc="80" classes="1" methods="9" coveredmethods="9" conditionals="0" coveredconditionals="0" statements="14" coveredstatements="14" elements="23" coveredelements="23"/>
    </file>
    <file name="/var/www/html/src/Form/JobType.php">
      <class name="App\Form\JobType" namespace="global">
        <metrics complexity="2" methods="2" coveredmethods="0" conditionals="0" coveredconditionals="0" statements="34" coveredstatements="0" elements="36" coveredelements="0"/>
      </class>
      <line num="15" type="method" name="buildForm" visibility="public" complexity="1" crap="2" count="0"/>
      <line num="17" type="stmt" count="0"/>
      <line num="18" type="stmt" count="0"/>
      <line num="19" type="stmt" count="0"/>
      <line num="20" type="stmt" count="0"/>
      <line num="21" type="stmt" count="0"/>
      <line num="22" type="stmt" count="0"/>
      <line num="23" type="stmt" count="0"/>
      <line num="24" type="stmt" count="0"/>
      <line num="25" type="stmt" count="0"/>
      <line num="26" type="stmt" count="0"/>
      <line num="27" type="stmt" count="0"/>
      <line num="28" type="stmt" count="0"/>
      <line num="29" type="stmt" count="0"/>
      <line num="30" type="stmt" count="0"/>
      <line num="31" type="stmt" count="0"/>
      <line num="32" type="stmt" count="0"/>
      <line num="33" type="stmt" count="0"/>
      <line num="34" type="stmt" count="0"/>
      <line num="35" type="stmt" count="0"/>
      <line num="36" type="stmt" count="0"/>
      <line num="37" type="stmt" count="0"/>
      <line num="38" type="stmt" count="0"/>
      <line num="39" type="stmt" count="0"/>
      <line num="40" type="stmt" count="0"/>
      <line num="41" type="stmt" count="0"/>
      <line num="42" type="stmt" count="0"/>
      <line num="43" type="stmt" count="0"/>
      <line num="44" type="stmt" count="0"/>
      <line num="45" type="stmt" count="0"/>
      <line num="46" type="stmt" count="0"/>
      <line num="47" type="stmt" count="0"/>
      <line num="50" type="method" name="configureOptions" visibility="public" complexity="1" crap="2" count="0"/>
      <line num="52" type="stmt" count="0"/>
      <line num="53" type="stmt" count="0"/>
      <line num="54" type="stmt" count="0"/>
      <metrics loc="57" ncloc="57" classes="1" methods="2" coveredmethods="0" conditionals="0" coveredconditionals="0" statements="34" coveredstatements="0" elements="36" coveredelements="0"/>
    </file>
    <file name="/var/www/html/src/Kernel.php">
      <class name="App\Kernel" namespace="global">
        <metrics complexity="0" methods="0" coveredmethods="0" conditionals="0" coveredconditionals="0" statements="0" coveredstatements="0" elements="0" coveredelements="0"/>
      </class>
      <metrics loc="12" ncloc="12" classes="0" methods="0" coveredmethods="0" conditionals="0" coveredconditionals="0" statements="0" coveredstatements="0" elements="0" coveredelements="0"/>
    </file>
    <file name="/var/www/html/src/Repository/JobLogRepository.php">
      <class name="App\Repository\JobLogRepository" namespace="global">
        <metrics complexity="3" methods="3" coveredmethods="3" conditionals="0" coveredconditionals="0" statements="13" coveredstatements="13" elements="16" coveredelements="16"/>
      </class>
      <line num="11" type="method" name="__construct" visibility="public" complexity="1" crap="1" count="6"/>
      <line num="13" type="stmt" count="6"/>
      <line num="19" type="method" name="findRecent" visibility="public" complexity="1" crap="1" count="3"/>
      <line num="21" type="stmt" count="3"/>
      <line num="22" type="stmt" count="3"/>
      <line num="23" type="stmt" count="3"/>
      <line num="24" type="stmt" count="3"/>
      <line num="25" type="stmt" count="3"/>
      <line num="31" type="method" name="findByJobId" visibility="public" complexity="1" crap="1" count="3"/>
      <line num="33" type="stmt" count="3"/>
      <line num="34" type="stmt" count="3"/>
      <line num="35" type="stmt" count="3"/>
      <line num="36" type="stmt" count="3"/>
      <line num="37" type="stmt" count="3"/>
      <line num="38" type="stmt" count="3"/>
      <line num="39" type="stmt" count="3"/>
      <metrics loc="42" ncloc="36" classes="1" methods="3" coveredmethods="3" conditionals="0" coveredconditionals="0" statements="13" coveredstatements="13" elements="16" coveredelements="16"/>
    </file>
    <file name="/var/www/html/src/Service/CsvExporter.php">
      <class name="App\Service\CsvExporter" namespace="global">
        <metrics complexity="40" methods="8" coveredmethods="5" conditionals="0" coveredconditionals="0" statements="109" coveredstatements="97" elements="117" coveredelements="102"/>
      </class>
      <line num="9" type="method" name="__construct" visibility="public" complexity="1" crap="1" count="14"/>
      <line num="13" type="stmt" count="14"/>
      <line num="18" type="method" name="exportToCsv" visibility="public" complexity="8" crap="8.51" count="14"/>
      <line num="20" type="stmt" count="14"/>
      <line num="23" type="stmt" count="14"/>
      <line num="24" type="stmt" count="2"/>
      <line num="25" type="stmt" count="1"/>
      <line num="28" type="stmt" count="13"/>
      <line num="29" type="stmt" count="0"/>
      <line num="33" type="stmt" count="13"/>
      <line num="34" type="stmt" count="0"/>
      <line num="38" type="stmt" count="13"/>
      <line num="39" type="stmt" count="0"/>
      <line num="42" type="stmt" count="13"/>
      <line num="45" type="stmt" count="13"/>
      <line num="48" type="stmt" count="13"/>
      <line num="49" type="stmt" count="0"/>
      <line num="52" type="stmt" count="13"/>
      <line num="53" type="stmt" count="13"/>
      <line num="54" type="stmt" count="13"/>
      <line num="55" type="stmt" count="13"/>
      <line num="56" type="stmt" count="13"/>
      <line num="58" type="stmt" count="13"/>
      <line num="64" type="method" name="generateCsvContent" visibility="private" complexity="7" crap="7" count="13"/>
      <line num="66" type="stmt" count="13"/>
      <line num="69" type="stmt" count="1"/>
      <line num="70" type="stmt" count="1"/>
      <line num="71" type="stmt" count="1"/>
      <line num="72" type="stmt" count="1"/>
      <line num="73" type="stmt" count="1"/>
      <line num="77" type="stmt" count="12"/>
      <line num="78" type="stmt" count="12"/>
      <line num="79" type="stmt" count="12"/>
      <line num="80" type="stmt" count="12"/>
      <line num="82" type="stmt" count="12"/>
      <line num="85" type="stmt" count="12"/>
      <line num="88" type="stmt" count="12"/>
      <line num="89" type="stmt" count="12"/>
      <line num="92" type="stmt" count="12"/>
      <line num="95" type="stmt" count="12"/>
      <line num="98" type="stmt" count="12"/>
      <line num="99" type="stmt" count="12"/>
      <line num="101" type="stmt" count="12"/>
      <line num="102" type="stmt" count="12"/>
      <line num="103" type="stmt" count="12"/>
      <line num="105" type="stmt" count="12"/>
      <line num="106" type="stmt" count="12"/>
      <line num="110" type="stmt" count="12"/>
      <line num="113" type="stmt" count="12"/>
      <line num="119" type="method" name="formatFieldValue" visibility="private" complexity="13" crap="17.76" count="12"/>
      <line num="121" type="stmt" count="12"/>
      <line num="122" type="stmt" count="5"/>
      <line num="125" type="stmt" count="12"/>
      <line num="127" type="stmt" count="4"/>
      <line num="128" type="stmt" count="4"/>
      <line num="129" type="stmt" count="4"/>
      <line num="130" type="stmt" count="1"/>
      <line num="131" type="stmt" count="4"/>
      <line num="132" type="stmt" count="0"/>
      <line num="133" type="stmt" count="4"/>
      <line num="134" type="stmt" count="4"/>
      <line num="137" type="stmt" count="4"/>
      <line num="140" type="stmt" count="12"/>
      <line num="142" type="stmt" count="0"/>
      <line num="143" type="stmt" count="0"/>
      <line num="144" type="stmt" count="0"/>
      <line num="145" type="stmt" count="0"/>
      <line num="146" type="stmt" count="0"/>
      <line num="147" type="stmt" count="0"/>
      <line num="152" type="stmt" count="12"/>
      <line num="155" type="stmt" count="12"/>
      <line num="156" type="stmt" count="12"/>
      <line num="158" type="stmt" count="12"/>
      <line num="164" type="method" name="escapeHeaders" visibility="private" complexity="3" crap="3.03" count="13"/>
      <line num="166" type="stmt" count="13"/>
      <line num="168" type="stmt" count="13"/>
      <line num="170" type="stmt" count="13"/>
      <line num="171" type="stmt" count="0"/>
      <line num="173" type="stmt" count="13"/>
      <line num="176" type="stmt" count="13"/>
      <line num="179" type="stmt" count="13"/>
      <line num="185" type="method" name="getStandardFieldDisplayName" visibility="private" complexity="1" crap="1" count="13"/>
      <line num="187" type="stmt" count="13"/>
      <line num="188" type="stmt" count="13"/>
      <line num="189" type="stmt" count="13"/>
      <line num="190" type="stmt" count="13"/>
      <line num="191" type="stmt" count="13"/>
      <line num="192" type="stmt" count="13"/>
      <line num="193" type="stmt" count="13"/>
      <line num="194" type="stmt" count="13"/>
      <line num="195" type="stmt" count="13"/>
      <line num="196" type="stmt" count="13"/>
      <line num="197" type="stmt" count="13"/>
      <line num="198" type="stmt" count="13"/>
      <line num="199" type="stmt" count="13"/>
      <line num="200" type="stmt" count="13"/>
      <line num="201" type="stmt" count="13"/>
      <line num="202" type="stmt" count="13"/>
      <line num="203" type="stmt" count="13"/>
      <line num="204" type="stmt" count="13"/>
      <line num="205" type="stmt" count="13"/>
      <line num="206" type="stmt" count="13"/>
      <line num="207" type="stmt" count="13"/>
      <line num="208" type="stmt" count="13"/>
      <line num="209" type="stmt" count="13"/>
      <line num="210" type="stmt" count="13"/>
      <line num="212" type="stmt" count="13"/>
      <line num="218" type="method" name="escapeCsvRow" visibility="private" complexity="2" crap="2" count="12"/>
      <line num="220" type="stmt" count="12"/>
      <line num="222" type="stmt" count="12"/>
      <line num="223" type="stmt" count="12"/>
      <line num="226" type="stmt" count="12"/>
      <line num="232" type="method" name="escapeCsvValue" visibility="private" complexity="5" crap="5" count="13"/>
      <line num="235" type="stmt" count="13"/>
      <line num="237" type="stmt" count="2"/>
      <line num="238" type="stmt" count="2"/>
      <line num="241" type="stmt" count="13"/>
      <metrics loc="244" ncloc="203" classes="1" methods="8" coveredmethods="5" conditionals="0" coveredconditionals="0" statements="109" coveredstatements="97" elements="117" coveredelements="102"/>
    </file>
    <file name="/var/www/html/src/Service/JiraClient.php">
      <class name="App\Service\JiraClient" namespace="global">
        <metrics complexity="10" methods="4" coveredmethods="4" conditionals="0" coveredconditionals="0" statements="78" coveredstatements="78" elements="82" coveredelements="82"/>
      </class>
      <line num="16" type="method" name="__construct" visibility="public" complexity="1" crap="1" count="15"/>
      <line num="23" type="stmt" count="15"/>
      <line num="24" type="stmt" count="15"/>
      <line num="25" type="stmt" count="15"/>
      <line num="27" type="stmt" count="15"/>
      <line num="28" type="stmt" count="15"/>
      <line num="29" type="stmt" count="15"/>
      <line num="30" type="stmt" count="15"/>
      <line num="31" type="stmt" count="15"/>
      <line num="32" type="stmt" count="15"/>
      <line num="33" type="stmt" count="15"/>
      <line num="34" type="stmt" count="15"/>
      <line num="35" type="stmt" count="15"/>
      <line num="36" type="stmt" count="15"/>
      <line num="37" type="stmt" count="15"/>
      <line num="43" type="method" name="searchIssues" visibility="public" complexity="6" crap="6" count="9"/>
      <line num="45" type="stmt" count="9"/>
      <line num="46" type="stmt" count="9"/>
      <line num="47" type="stmt" count="9"/>
      <line num="48" type="stmt" count="9"/>
      <line num="52" type="stmt" count="9"/>
      <line num="53" type="stmt" count="9"/>
      <line num="54" type="stmt" count="9"/>
      <line num="55" type="stmt" count="9"/>
      <line num="56" type="stmt" count="9"/>
      <line num="57" type="stmt" count="9"/>
      <line num="58" type="stmt" count="9"/>
      <line num="60" type="stmt" count="7"/>
      <line num="62" type="stmt" count="7"/>
      <line num="63" type="stmt" count="1"/>
      <line num="66" type="stmt" count="6"/>
      <line num="67" type="stmt" count="6"/>
      <line num="70" type="stmt" count="6"/>
      <line num="71" type="stmt" count="6"/>
      <line num="73" type="stmt" count="6"/>
      <line num="74" type="stmt" count="6"/>
      <line num="75" type="stmt" count="6"/>
      <line num="76" type="stmt" count="6"/>
      <line num="77" type="stmt" count="6"/>
      <line num="78" type="stmt" count="6"/>
      <line num="79" type="stmt" count="6"/>
      <line num="81" type="stmt" count="3"/>
      <line num="82" type="stmt" count="2"/>
      <line num="83" type="stmt" count="2"/>
      <line num="84" type="stmt" count="2"/>
      <line num="85" type="stmt" count="2"/>
      <line num="86" type="stmt" count="2"/>
      <line num="87" type="stmt" count="2"/>
      <line num="90" type="stmt" count="6"/>
      <line num="92" type="stmt" count="6"/>
      <line num="93" type="stmt" count="6"/>
      <line num="94" type="stmt" count="6"/>
      <line num="95" type="stmt" count="6"/>
      <line num="101" type="method" name="validateJql" visibility="public" complexity="2" crap="2" count="4"/>
      <line num="104" type="stmt" count="4"/>
      <line num="105" type="stmt" count="4"/>
      <line num="106" type="stmt" count="4"/>
      <line num="107" type="stmt" count="4"/>
      <line num="108" type="stmt" count="4"/>
      <line num="109" type="stmt" count="4"/>
      <line num="111" type="stmt" count="3"/>
      <line num="113" type="stmt" count="1"/>
      <line num="114" type="stmt" count="1"/>
      <line num="115" type="stmt" count="1"/>
      <line num="116" type="stmt" count="1"/>
      <line num="117" type="stmt" count="1"/>
      <line num="118" type="stmt" count="1"/>
      <line num="125" type="method" name="updateConfig" visibility="public" complexity="1" crap="1" count="2"/>
      <line num="127" type="stmt" count="2"/>
      <line num="128" type="stmt" count="2"/>
      <line num="129" type="stmt" count="2"/>
      <line num="131" type="stmt" count="2"/>
      <line num="132" type="stmt" count="2"/>
      <line num="133" type="stmt" count="2"/>
      <line num="134" type="stmt" count="2"/>
      <line num="135" type="stmt" count="2"/>
      <line num="136" type="stmt" count="2"/>
      <line num="137" type="stmt" count="2"/>
      <line num="138" type="stmt" count="2"/>
      <line num="139" type="stmt" count="2"/>
      <line num="140" type="stmt" count="2"/>
      <line num="141" type="stmt" count="2"/>
      <metrics loc="144" ncloc="134" classes="1" methods="4" coveredmethods="4" conditionals="0" coveredconditionals="0" statements="78" coveredstatements="78" elements="82" coveredelements="82"/>
    </file>
    <metrics files="17" loc="1873" ncloc="1410" classes="16" methods="84" coveredmethods="66" conditionals="0" coveredconditionals="0" statements="534" coveredstatements="333" elements="618" coveredelements="399"/>
  </project>
</coverage>
